<?xml version="1.0" encoding="UTF-8"?>
<testsuite xmlns:xsi="http://www.w3.org/2001/XMLSchema-instance" xsi:noNamespaceSchemaLocation="https://maven.apache.org/surefire/maven-surefire-plugin/xsd/surefire-test-report-3.0.xsd" version="3.0" name="com.api.test.TestRunner" time="23.678" tests="25" errors="0" skipped="0" failures="0">
  <properties>
    <property name="java.specification.version" value="20"/>
    <property name="sun.jnu.encoding" value="UTF-8"/>
    <property name="java.class.path" value="/Users/marcosribeirohioka/Projects/jsonplaceholder/target/test-classes:/Users/marcosribeirohioka/Projects/jsonplaceholder/target/classes:/Users/marcosribeirohioka/.m2/repository/io/cucumber/cucumber-java/6.9.1/cucumber-java-6.9.1.jar:/Users/marcosribeirohioka/.m2/repository/org/apiguardian/apiguardian-api/1.1.0/apiguardian-api-1.1.0.jar:/Users/marcosribeirohioka/.m2/repository/io/cucumber/cucumber-core/6.9.1/cucumber-core-6.9.1.jar:/Users/marcosribeirohioka/.m2/repository/io/cucumber/cucumber-gherkin/6.9.1/cucumber-gherkin-6.9.1.jar:/Users/marcosribeirohioka/.m2/repository/io/cucumber/cucumber-gherkin-messages/6.9.1/cucumber-gherkin-messages-6.9.1.jar:/Users/marcosribeirohioka/.m2/repository/io/cucumber/messages/13.2.1/messages-13.2.1.jar:/Users/marcosribeirohioka/.m2/repository/io/cucumber/tag-expressions/3.0.0/tag-expressions-3.0.0.jar:/Users/marcosribeirohioka/.m2/repository/io/cucumber/cucumber-expressions/10.3.0/cucumber-expressions-10.3.0.jar:/Users/marcosribeirohioka/.m2/repository/io/cucumber/datatable/3.5.0/datatable-3.5.0.jar:/Users/marcosribeirohioka/.m2/repository/io/cucumber/cucumber-plugin/6.9.1/cucumber-plugin-6.9.1.jar:/Users/marcosribeirohioka/.m2/repository/io/cucumber/docstring/6.9.1/docstring-6.9.1.jar:/Users/marcosribeirohioka/.m2/repository/io/cucumber/html-formatter/9.0.0/html-formatter-9.0.0.jar:/Users/marcosribeirohioka/.m2/repository/io/cucumber/create-meta/2.0.4/create-meta-2.0.4.jar:/Users/marcosribeirohioka/.m2/repository/io/cucumber/cucumber-junit/6.9.1/cucumber-junit-6.9.1.jar:/Users/marcosribeirohioka/.m2/repository/junit/junit/4.13.1/junit-4.13.1.jar:/Users/marcosribeirohioka/.m2/repository/io/cucumber/cucumber-picocontainer/6.9.1/cucumber-picocontainer-6.9.1.jar:/Users/marcosribeirohioka/.m2/repository/org/picocontainer/picocontainer/2.15/picocontainer-2.15.jar:/Users/marcosribeirohioka/.m2/repository/io/cucumber/cucumber-jvm-deps/1.0.6/cucumber-jvm-deps-1.0.6.jar:/Users/marcosribeirohioka/.m2/repository/io/cucumber/gherkin/5.0.0/gherkin-5.0.0.jar:/Users/marcosribeirohioka/.m2/repository/io/cucumber/gherkin-jvm-deps/1.0.4/gherkin-jvm-deps-1.0.4.jar:/Users/marcosribeirohioka/.m2/repository/io/rest-assured/rest-assured/3.3.0/rest-assured-3.3.0.jar:/Users/marcosribeirohioka/.m2/repository/org/codehaus/groovy/groovy/2.4.15/groovy-2.4.15.jar:/Users/marcosribeirohioka/.m2/repository/org/codehaus/groovy/groovy-xml/2.4.15/groovy-xml-2.4.15.jar:/Users/marcosribeirohioka/.m2/repository/org/apache/httpcomponents/httpclient/4.5.3/httpclient-4.5.3.jar:/Users/marcosribeirohioka/.m2/repository/org/apache/httpcomponents/httpcore/4.4.6/httpcore-4.4.6.jar:/Users/marcosribeirohioka/.m2/repository/commons-logging/commons-logging/1.2/commons-logging-1.2.jar:/Users/marcosribeirohioka/.m2/repository/org/apache/httpcomponents/httpmime/4.5.3/httpmime-4.5.3.jar:/Users/marcosribeirohioka/.m2/repository/org/hamcrest/hamcrest-core/1.3/hamcrest-core-1.3.jar:/Users/marcosribeirohioka/.m2/repository/org/hamcrest/hamcrest-library/1.3/hamcrest-library-1.3.jar:/Users/marcosribeirohioka/.m2/repository/org/ccil/cowan/tagsoup/tagsoup/1.2.1/tagsoup-1.2.1.jar:/Users/marcosribeirohioka/.m2/repository/io/rest-assured/json-path/3.3.0/json-path-3.3.0.jar:/Users/marcosribeirohioka/.m2/repository/org/codehaus/groovy/groovy-json/2.4.15/groovy-json-2.4.15.jar:/Users/marcosribeirohioka/.m2/repository/io/rest-assured/rest-assured-common/3.3.0/rest-assured-common-3.3.0.jar:/Users/marcosribeirohioka/.m2/repository/io/rest-assured/xml-path/3.3.0/xml-path-3.3.0.jar:/Users/marcosribeirohioka/.m2/repository/org/apache/commons/commons-lang3/3.4/commons-lang3-3.4.jar:/Users/marcosribeirohioka/.m2/repository/javax/xml/bind/jaxb-api/2.2.12/jaxb-api-2.2.12.jar:/Users/marcosribeirohioka/.m2/repository/com/sun/xml/bind/jaxb-osgi/2.2.10/jaxb-osgi-2.2.10.jar:/Users/marcosribeirohioka/.m2/repository/org/apache/sling/org.apache.sling.javax.activation/0.1.0/org.apache.sling.javax.activation-0.1.0.jar:/Users/marcosribeirohioka/.m2/repository/javax/activation/activation/1.1.1/activation-1.1.1.jar:/Users/marcosribeirohioka/.m2/repository/io/rest-assured/json-schema-validator/3.3.0/json-schema-validator-3.3.0.jar:/Users/marcosribeirohioka/.m2/repository/com/github/java-json-tools/json-schema-validator/2.2.10/json-schema-validator-2.2.10.jar:/Users/marcosribeirohioka/.m2/repository/com/github/java-json-tools/json-schema-core/1.2.10/json-schema-core-1.2.10.jar:/Users/marcosribeirohioka/.m2/repository/com/github/java-json-tools/jackson-coreutils/1.9/jackson-coreutils-1.9.jar:/Users/marcosribeirohioka/.m2/repository/com/github/fge/msg-simple/1.1/msg-simple-1.1.jar:/Users/marcosribeirohioka/.m2/repository/com/github/fge/btf/1.2/btf-1.2.jar:/Users/marcosribeirohioka/.m2/repository/com/github/fge/uri-template/0.9/uri-template-0.9.jar:/Users/marcosribeirohioka/.m2/repository/org/mozilla/rhino/1.7.7.1/rhino-1.7.7.1.jar:/Users/marcosribeirohioka/.m2/repository/javax/mail/mailapi/1.4.3/mailapi-1.4.3.jar:/Users/marcosribeirohioka/.m2/repository/joda-time/joda-time/2.9.7/joda-time-2.9.7.jar:/Users/marcosribeirohioka/.m2/repository/com/googlecode/libphonenumber/libphonenumber/8.0.0/libphonenumber-8.0.0.jar:/Users/marcosribeirohioka/.m2/repository/net/sf/jopt-simple/jopt-simple/5.0.3/jopt-simple-5.0.3.jar:/Users/marcosribeirohioka/.m2/repository/com/googlecode/json-simple/json-simple/1.1.1/json-simple-1.1.1.jar:/Users/marcosribeirohioka/.m2/repository/org/apache/poi/poi/5.2.2/poi-5.2.2.jar:/Users/marcosribeirohioka/.m2/repository/commons-codec/commons-codec/1.15/commons-codec-1.15.jar:/Users/marcosribeirohioka/.m2/repository/org/apache/commons/commons-collections4/4.4/commons-collections4-4.4.jar:/Users/marcosribeirohioka/.m2/repository/org/apache/commons/commons-math3/3.6.1/commons-math3-3.6.1.jar:/Users/marcosribeirohioka/.m2/repository/commons-io/commons-io/2.11.0/commons-io-2.11.0.jar:/Users/marcosribeirohioka/.m2/repository/com/zaxxer/SparseBitSet/1.2/SparseBitSet-1.2.jar:/Users/marcosribeirohioka/.m2/repository/org/apache/logging/log4j/log4j-api/2.17.2/log4j-api-2.17.2.jar:/Users/marcosribeirohioka/.m2/repository/org/apache/poi/poi-ooxml/5.2.2/poi-ooxml-5.2.2.jar:/Users/marcosribeirohioka/.m2/repository/org/apache/poi/poi-ooxml-lite/5.2.2/poi-ooxml-lite-5.2.2.jar:/Users/marcosribeirohioka/.m2/repository/org/apache/xmlbeans/xmlbeans/5.0.3/xmlbeans-5.0.3.jar:/Users/marcosribeirohioka/.m2/repository/org/apache/commons/commons-compress/1.21/commons-compress-1.21.jar:/Users/marcosribeirohioka/.m2/repository/com/github/virtuald/curvesapi/1.07/curvesapi-1.07.jar:/Users/marcosribeirohioka/.m2/repository/org/json/json/20230227/json-20230227.jar:/Users/marcosribeirohioka/.m2/repository/com/google/guava/guava/32.0.0-jre/guava-32.0.0-jre.jar:/Users/marcosribeirohioka/.m2/repository/com/google/guava/failureaccess/1.0.1/failureaccess-1.0.1.jar:/Users/marcosribeirohioka/.m2/repository/com/google/guava/listenablefuture/9999.0-empty-to-avoid-conflict-with-guava/listenablefuture-9999.0-empty-to-avoid-conflict-with-guava.jar:/Users/marcosribeirohioka/.m2/repository/com/google/code/findbugs/jsr305/3.0.2/jsr305-3.0.2.jar:/Users/marcosribeirohioka/.m2/repository/org/checkerframework/checker-qual/3.33.0/checker-qual-3.33.0.jar:/Users/marcosribeirohioka/.m2/repository/com/google/errorprone/error_prone_annotations/2.18.0/error_prone_annotations-2.18.0.jar:/Users/marcosribeirohioka/.m2/repository/com/google/j2objc/j2objc-annotations/2.8/j2objc-annotations-2.8.jar:/Users/marcosribeirohioka/.m2/repository/com/fasterxml/jackson/core/jackson-databind/2.13.4.2/jackson-databind-2.13.4.2.jar:/Users/marcosribeirohioka/.m2/repository/com/fasterxml/jackson/core/jackson-annotations/2.13.4/jackson-annotations-2.13.4.jar:/Users/marcosribeirohioka/.m2/repository/com/fasterxml/jackson/core/jackson-core/2.13.4/jackson-core-2.13.4.jar:/Users/marcosribeirohioka/.m2/repository/com/github/dzieciou/testing/curl-logger/2.0.1/curl-logger-2.0.1.jar:/Users/marcosribeirohioka/.m2/repository/org/slf4j/slf4j-simple/2.0.0/slf4j-simple-2.0.0.jar:/Users/marcosribeirohioka/.m2/repository/org/slf4j/slf4j-api/2.0.0/slf4j-api-2.0.0.jar:/Users/marcosribeirohioka/.m2/repository/org/slf4j/slf4j-reload4j/2.0.0/slf4j-reload4j-2.0.0.jar:/Users/marcosribeirohioka/.m2/repository/ch/qos/reload4j/reload4j/1.2.19/reload4j-1.2.19.jar:/Users/marcosribeirohioka/.m2/repository/tech/grasshopper/extentreports-cucumber6-adapter/2.13.0/extentreports-cucumber6-adapter-2.13.0.jar:/Users/marcosribeirohioka/.m2/repository/com/aventstack/extentreports/5.0.9/extentreports-5.0.9.jar:/Users/marcosribeirohioka/.m2/repository/io/reactivex/rxjava3/rxjava/3.0.4/rxjava-3.0.4.jar:/Users/marcosribeirohioka/.m2/repository/org/reactivestreams/reactive-streams/1.0.3/reactive-streams-1.0.3.jar:/Users/marcosribeirohioka/.m2/repository/org/freemarker/freemarker/2.3.30/freemarker-2.3.30.jar:/Users/marcosribeirohioka/.m2/repository/com/google/code/gson/gson/2.8.6/gson-2.8.6.jar:/Users/marcosribeirohioka/.m2/repository/tech/grasshopper/extent-pdf-report/2.7.0/extent-pdf-report-2.7.0.jar:/Users/marcosribeirohioka/.m2/repository/tech/grasshopper/cucumber-pdf-report/2.10.0/cucumber-pdf-report-2.10.0.jar:/Users/marcosribeirohioka/.m2/repository/org/apache/pdfbox/pdfbox/2.0.26/pdfbox-2.0.26.jar:/Users/marcosribeirohioka/.m2/repository/org/apache/pdfbox/fontbox/2.0.26/fontbox-2.0.26.jar:/Users/marcosribeirohioka/.m2/repository/org/knowm/xchart/xchart/3.8.0/xchart-3.8.0.jar:/Users/marcosribeirohioka/.m2/repository/de/erichseifert/vectorgraphics2d/VectorGraphics2D/0.13/VectorGraphics2D-0.13.jar:/Users/marcosribeirohioka/.m2/repository/de/rototor/pdfbox/graphics2d/0.30/graphics2d-0.30.jar:/Users/marcosribeirohioka/.m2/repository/com/madgag/animated-gif-lib/1.4/animated-gif-lib-1.4.jar:/Users/marcosribeirohioka/.m2/repository/org/yaml/snakeyaml/1.28/snakeyaml-1.28.jar:/Users/marcosribeirohioka/.m2/repository/tech/grasshopper/table-layout/1.5.1/table-layout-1.5.1.jar:/Users/marcosribeirohioka/.m2/repository/tech/grasshopper/rest-assured-cucumber-pdf-report/1.4.1/rest-assured-cucumber-pdf-report-1.4.1.jar:/Users/marcosribeirohioka/.m2/repository/org/jsoup/jsoup/1.14.3/jsoup-1.14.3.jar:/Users/marcosribeirohioka/.m2/repository/com/aventstack/klov-reporter/5.0.9/klov-reporter-5.0.9.jar:/Users/marcosribeirohioka/.m2/repository/org/mongodb/bson/3.6.4/bson-3.6.4.jar:/Users/marcosribeirohioka/.m2/repository/tech/grasshopper/htmlextentreporter/1.0.1/htmlextentreporter-1.0.1.jar:/Users/marcosribeirohioka/.m2/repository/org/mongodb/mongodb-driver/3.3.0/mongodb-driver-3.3.0.jar:/Users/marcosribeirohioka/.m2/repository/org/mongodb/mongodb-driver-core/3.3.0/mongodb-driver-core-3.3.0.jar:/Users/marcosribeirohioka/.m2/repository/org/projectlombok/lombok/1.18.28/lombok-1.18.28.jar:"/>
    <property name="java.vm.vendor" value="Homebrew"/>
    <property name="sun.arch.data.model" value="64"/>
    <property name="java.vendor.url" value="https://github.com/Homebrew/homebrew-core/issues"/>
    <property name="os.name" value="Mac OS X"/>
    <property name="java.vm.specification.version" value="20"/>
    <property name="sun.java.launcher" value="SUN_STANDARD"/>
    <property name="user.country" value="BR"/>
    <property name="sun.boot.library.path" value="/usr/local/Cellar/openjdk/20.0.1/libexec/openjdk.jdk/Contents/Home/lib"/>
    <property name="sun.java.command" value="/Users/marcosribeirohioka/Projects/jsonplaceholder/target/surefire/surefirebooter8534856726636408613.jar /Users/marcosribeirohioka/Projects/jsonplaceholder/target/surefire 2023-08-23T22-31-46_996-jvmRun1 surefire13025561563354718986tmp surefire_015407299485525135314tmp"/>
    <property name="http.nonProxyHosts" value="local|*.local|169.254/16|*.169.254/16"/>
    <property name="jdk.debug" value="release"/>
    <property name="surefire.test.class.path" value="/Users/marcosribeirohioka/Projects/jsonplaceholder/target/test-classes:/Users/marcosribeirohioka/Projects/jsonplaceholder/target/classes:/Users/marcosribeirohioka/.m2/repository/io/cucumber/cucumber-java/6.9.1/cucumber-java-6.9.1.jar:/Users/marcosribeirohioka/.m2/repository/org/apiguardian/apiguardian-api/1.1.0/apiguardian-api-1.1.0.jar:/Users/marcosribeirohioka/.m2/repository/io/cucumber/cucumber-core/6.9.1/cucumber-core-6.9.1.jar:/Users/marcosribeirohioka/.m2/repository/io/cucumber/cucumber-gherkin/6.9.1/cucumber-gherkin-6.9.1.jar:/Users/marcosribeirohioka/.m2/repository/io/cucumber/cucumber-gherkin-messages/6.9.1/cucumber-gherkin-messages-6.9.1.jar:/Users/marcosribeirohioka/.m2/repository/io/cucumber/messages/13.2.1/messages-13.2.1.jar:/Users/marcosribeirohioka/.m2/repository/io/cucumber/tag-expressions/3.0.0/tag-expressions-3.0.0.jar:/Users/marcosribeirohioka/.m2/repository/io/cucumber/cucumber-expressions/10.3.0/cucumber-expressions-10.3.0.jar:/Users/marcosribeirohioka/.m2/repository/io/cucumber/datatable/3.5.0/datatable-3.5.0.jar:/Users/marcosribeirohioka/.m2/repository/io/cucumber/cucumber-plugin/6.9.1/cucumber-plugin-6.9.1.jar:/Users/marcosribeirohioka/.m2/repository/io/cucumber/docstring/6.9.1/docstring-6.9.1.jar:/Users/marcosribeirohioka/.m2/repository/io/cucumber/html-formatter/9.0.0/html-formatter-9.0.0.jar:/Users/marcosribeirohioka/.m2/repository/io/cucumber/create-meta/2.0.4/create-meta-2.0.4.jar:/Users/marcosribeirohioka/.m2/repository/io/cucumber/cucumber-junit/6.9.1/cucumber-junit-6.9.1.jar:/Users/marcosribeirohioka/.m2/repository/junit/junit/4.13.1/junit-4.13.1.jar:/Users/marcosribeirohioka/.m2/repository/io/cucumber/cucumber-picocontainer/6.9.1/cucumber-picocontainer-6.9.1.jar:/Users/marcosribeirohioka/.m2/repository/org/picocontainer/picocontainer/2.15/picocontainer-2.15.jar:/Users/marcosribeirohioka/.m2/repository/io/cucumber/cucumber-jvm-deps/1.0.6/cucumber-jvm-deps-1.0.6.jar:/Users/marcosribeirohioka/.m2/repository/io/cucumber/gherkin/5.0.0/gherkin-5.0.0.jar:/Users/marcosribeirohioka/.m2/repository/io/cucumber/gherkin-jvm-deps/1.0.4/gherkin-jvm-deps-1.0.4.jar:/Users/marcosribeirohioka/.m2/repository/io/rest-assured/rest-assured/3.3.0/rest-assured-3.3.0.jar:/Users/marcosribeirohioka/.m2/repository/org/codehaus/groovy/groovy/2.4.15/groovy-2.4.15.jar:/Users/marcosribeirohioka/.m2/repository/org/codehaus/groovy/groovy-xml/2.4.15/groovy-xml-2.4.15.jar:/Users/marcosribeirohioka/.m2/repository/org/apache/httpcomponents/httpclient/4.5.3/httpclient-4.5.3.jar:/Users/marcosribeirohioka/.m2/repository/org/apache/httpcomponents/httpcore/4.4.6/httpcore-4.4.6.jar:/Users/marcosribeirohioka/.m2/repository/commons-logging/commons-logging/1.2/commons-logging-1.2.jar:/Users/marcosribeirohioka/.m2/repository/org/apache/httpcomponents/httpmime/4.5.3/httpmime-4.5.3.jar:/Users/marcosribeirohioka/.m2/repository/org/hamcrest/hamcrest-core/1.3/hamcrest-core-1.3.jar:/Users/marcosribeirohioka/.m2/repository/org/hamcrest/hamcrest-library/1.3/hamcrest-library-1.3.jar:/Users/marcosribeirohioka/.m2/repository/org/ccil/cowan/tagsoup/tagsoup/1.2.1/tagsoup-1.2.1.jar:/Users/marcosribeirohioka/.m2/repository/io/rest-assured/json-path/3.3.0/json-path-3.3.0.jar:/Users/marcosribeirohioka/.m2/repository/org/codehaus/groovy/groovy-json/2.4.15/groovy-json-2.4.15.jar:/Users/marcosribeirohioka/.m2/repository/io/rest-assured/rest-assured-common/3.3.0/rest-assured-common-3.3.0.jar:/Users/marcosribeirohioka/.m2/repository/io/rest-assured/xml-path/3.3.0/xml-path-3.3.0.jar:/Users/marcosribeirohioka/.m2/repository/org/apache/commons/commons-lang3/3.4/commons-lang3-3.4.jar:/Users/marcosribeirohioka/.m2/repository/javax/xml/bind/jaxb-api/2.2.12/jaxb-api-2.2.12.jar:/Users/marcosribeirohioka/.m2/repository/com/sun/xml/bind/jaxb-osgi/2.2.10/jaxb-osgi-2.2.10.jar:/Users/marcosribeirohioka/.m2/repository/org/apache/sling/org.apache.sling.javax.activation/0.1.0/org.apache.sling.javax.activation-0.1.0.jar:/Users/marcosribeirohioka/.m2/repository/javax/activation/activation/1.1.1/activation-1.1.1.jar:/Users/marcosribeirohioka/.m2/repository/io/rest-assured/json-schema-validator/3.3.0/json-schema-validator-3.3.0.jar:/Users/marcosribeirohioka/.m2/repository/com/github/java-json-tools/json-schema-validator/2.2.10/json-schema-validator-2.2.10.jar:/Users/marcosribeirohioka/.m2/repository/com/github/java-json-tools/json-schema-core/1.2.10/json-schema-core-1.2.10.jar:/Users/marcosribeirohioka/.m2/repository/com/github/java-json-tools/jackson-coreutils/1.9/jackson-coreutils-1.9.jar:/Users/marcosribeirohioka/.m2/repository/com/github/fge/msg-simple/1.1/msg-simple-1.1.jar:/Users/marcosribeirohioka/.m2/repository/com/github/fge/btf/1.2/btf-1.2.jar:/Users/marcosribeirohioka/.m2/repository/com/github/fge/uri-template/0.9/uri-template-0.9.jar:/Users/marcosribeirohioka/.m2/repository/org/mozilla/rhino/1.7.7.1/rhino-1.7.7.1.jar:/Users/marcosribeirohioka/.m2/repository/javax/mail/mailapi/1.4.3/mailapi-1.4.3.jar:/Users/marcosribeirohioka/.m2/repository/joda-time/joda-time/2.9.7/joda-time-2.9.7.jar:/Users/marcosribeirohioka/.m2/repository/com/googlecode/libphonenumber/libphonenumber/8.0.0/libphonenumber-8.0.0.jar:/Users/marcosribeirohioka/.m2/repository/net/sf/jopt-simple/jopt-simple/5.0.3/jopt-simple-5.0.3.jar:/Users/marcosribeirohioka/.m2/repository/com/googlecode/json-simple/json-simple/1.1.1/json-simple-1.1.1.jar:/Users/marcosribeirohioka/.m2/repository/org/apache/poi/poi/5.2.2/poi-5.2.2.jar:/Users/marcosribeirohioka/.m2/repository/commons-codec/commons-codec/1.15/commons-codec-1.15.jar:/Users/marcosribeirohioka/.m2/repository/org/apache/commons/commons-collections4/4.4/commons-collections4-4.4.jar:/Users/marcosribeirohioka/.m2/repository/org/apache/commons/commons-math3/3.6.1/commons-math3-3.6.1.jar:/Users/marcosribeirohioka/.m2/repository/commons-io/commons-io/2.11.0/commons-io-2.11.0.jar:/Users/marcosribeirohioka/.m2/repository/com/zaxxer/SparseBitSet/1.2/SparseBitSet-1.2.jar:/Users/marcosribeirohioka/.m2/repository/org/apache/logging/log4j/log4j-api/2.17.2/log4j-api-2.17.2.jar:/Users/marcosribeirohioka/.m2/repository/org/apache/poi/poi-ooxml/5.2.2/poi-ooxml-5.2.2.jar:/Users/marcosribeirohioka/.m2/repository/org/apache/poi/poi-ooxml-lite/5.2.2/poi-ooxml-lite-5.2.2.jar:/Users/marcosribeirohioka/.m2/repository/org/apache/xmlbeans/xmlbeans/5.0.3/xmlbeans-5.0.3.jar:/Users/marcosribeirohioka/.m2/repository/org/apache/commons/commons-compress/1.21/commons-compress-1.21.jar:/Users/marcosribeirohioka/.m2/repository/com/github/virtuald/curvesapi/1.07/curvesapi-1.07.jar:/Users/marcosribeirohioka/.m2/repository/org/json/json/20230227/json-20230227.jar:/Users/marcosribeirohioka/.m2/repository/com/google/guava/guava/32.0.0-jre/guava-32.0.0-jre.jar:/Users/marcosribeirohioka/.m2/repository/com/google/guava/failureaccess/1.0.1/failureaccess-1.0.1.jar:/Users/marcosribeirohioka/.m2/repository/com/google/guava/listenablefuture/9999.0-empty-to-avoid-conflict-with-guava/listenablefuture-9999.0-empty-to-avoid-conflict-with-guava.jar:/Users/marcosribeirohioka/.m2/repository/com/google/code/findbugs/jsr305/3.0.2/jsr305-3.0.2.jar:/Users/marcosribeirohioka/.m2/repository/org/checkerframework/checker-qual/3.33.0/checker-qual-3.33.0.jar:/Users/marcosribeirohioka/.m2/repository/com/google/errorprone/error_prone_annotations/2.18.0/error_prone_annotations-2.18.0.jar:/Users/marcosribeirohioka/.m2/repository/com/google/j2objc/j2objc-annotations/2.8/j2objc-annotations-2.8.jar:/Users/marcosribeirohioka/.m2/repository/com/fasterxml/jackson/core/jackson-databind/2.13.4.2/jackson-databind-2.13.4.2.jar:/Users/marcosribeirohioka/.m2/repository/com/fasterxml/jackson/core/jackson-annotations/2.13.4/jackson-annotations-2.13.4.jar:/Users/marcosribeirohioka/.m2/repository/com/fasterxml/jackson/core/jackson-core/2.13.4/jackson-core-2.13.4.jar:/Users/marcosribeirohioka/.m2/repository/com/github/dzieciou/testing/curl-logger/2.0.1/curl-logger-2.0.1.jar:/Users/marcosribeirohioka/.m2/repository/org/slf4j/slf4j-simple/2.0.0/slf4j-simple-2.0.0.jar:/Users/marcosribeirohioka/.m2/repository/org/slf4j/slf4j-api/2.0.0/slf4j-api-2.0.0.jar:/Users/marcosribeirohioka/.m2/repository/org/slf4j/slf4j-reload4j/2.0.0/slf4j-reload4j-2.0.0.jar:/Users/marcosribeirohioka/.m2/repository/ch/qos/reload4j/reload4j/1.2.19/reload4j-1.2.19.jar:/Users/marcosribeirohioka/.m2/repository/tech/grasshopper/extentreports-cucumber6-adapter/2.13.0/extentreports-cucumber6-adapter-2.13.0.jar:/Users/marcosribeirohioka/.m2/repository/com/aventstack/extentreports/5.0.9/extentreports-5.0.9.jar:/Users/marcosribeirohioka/.m2/repository/io/reactivex/rxjava3/rxjava/3.0.4/rxjava-3.0.4.jar:/Users/marcosribeirohioka/.m2/repository/org/reactivestreams/reactive-streams/1.0.3/reactive-streams-1.0.3.jar:/Users/marcosribeirohioka/.m2/repository/org/freemarker/freemarker/2.3.30/freemarker-2.3.30.jar:/Users/marcosribeirohioka/.m2/repository/com/google/code/gson/gson/2.8.6/gson-2.8.6.jar:/Users/marcosribeirohioka/.m2/repository/tech/grasshopper/extent-pdf-report/2.7.0/extent-pdf-report-2.7.0.jar:/Users/marcosribeirohioka/.m2/repository/tech/grasshopper/cucumber-pdf-report/2.10.0/cucumber-pdf-report-2.10.0.jar:/Users/marcosribeirohioka/.m2/repository/org/apache/pdfbox/pdfbox/2.0.26/pdfbox-2.0.26.jar:/Users/marcosribeirohioka/.m2/repository/org/apache/pdfbox/fontbox/2.0.26/fontbox-2.0.26.jar:/Users/marcosribeirohioka/.m2/repository/org/knowm/xchart/xchart/3.8.0/xchart-3.8.0.jar:/Users/marcosribeirohioka/.m2/repository/de/erichseifert/vectorgraphics2d/VectorGraphics2D/0.13/VectorGraphics2D-0.13.jar:/Users/marcosribeirohioka/.m2/repository/de/rototor/pdfbox/graphics2d/0.30/graphics2d-0.30.jar:/Users/marcosribeirohioka/.m2/repository/com/madgag/animated-gif-lib/1.4/animated-gif-lib-1.4.jar:/Users/marcosribeirohioka/.m2/repository/org/yaml/snakeyaml/1.28/snakeyaml-1.28.jar:/Users/marcosribeirohioka/.m2/repository/tech/grasshopper/table-layout/1.5.1/table-layout-1.5.1.jar:/Users/marcosribeirohioka/.m2/repository/tech/grasshopper/rest-assured-cucumber-pdf-report/1.4.1/rest-assured-cucumber-pdf-report-1.4.1.jar:/Users/marcosribeirohioka/.m2/repository/org/jsoup/jsoup/1.14.3/jsoup-1.14.3.jar:/Users/marcosribeirohioka/.m2/repository/com/aventstack/klov-reporter/5.0.9/klov-reporter-5.0.9.jar:/Users/marcosribeirohioka/.m2/repository/org/mongodb/bson/3.6.4/bson-3.6.4.jar:/Users/marcosribeirohioka/.m2/repository/tech/grasshopper/htmlextentreporter/1.0.1/htmlextentreporter-1.0.1.jar:/Users/marcosribeirohioka/.m2/repository/org/mongodb/mongodb-driver/3.3.0/mongodb-driver-3.3.0.jar:/Users/marcosribeirohioka/.m2/repository/org/mongodb/mongodb-driver-core/3.3.0/mongodb-driver-core-3.3.0.jar:/Users/marcosribeirohioka/.m2/repository/org/projectlombok/lombok/1.18.28/lombok-1.18.28.jar:"/>
    <property name="sun.cpu.endian" value="little"/>
    <property name="user.home" value="/Users/marcosribeirohioka"/>
    <property name="user.language" value="pt"/>
    <property name="java.specification.vendor" value="Oracle Corporation"/>
    <property name="java.version.date" value="2023-04-18"/>
    <property name="java.home" value="/usr/local/Cellar/openjdk/20.0.1/libexec/openjdk.jdk/Contents/Home"/>
    <property name="file.separator" value="/"/>
    <property name="basedir" value="/Users/marcosribeirohioka/Projects/jsonplaceholder"/>
    <property name="java.vm.compressedOopsMode" value="Zero based"/>
    <property name="line.separator" value="&#10;"/>
    <property name="java.vm.specification.vendor" value="Oracle Corporation"/>
    <property name="java.specification.name" value="Java Platform API Specification"/>
    <property name="apple.awt.application.name" value="ForkedBooter"/>
    <property name="surefire.real.class.path" value="/Users/marcosribeirohioka/Projects/jsonplaceholder/target/surefire/surefirebooter8534856726636408613.jar"/>
    <property name="sun.management.compiler" value="HotSpot 64-Bit Tiered Compilers"/>
    <property name="ftp.nonProxyHosts" value="local|*.local|169.254/16|*.169.254/16"/>
    <property name="java.runtime.version" value="20.0.1"/>
    <property name="user.name" value="marcosribeirohioka"/>
    <property name="stdout.encoding" value="UTF-8"/>
    <property name="path.separator" value=":"/>
    <property name="os.version" value="13.4.1"/>
    <property name="java.runtime.name" value="OpenJDK Runtime Environment"/>
    <property name="file.encoding" value="UTF-8"/>
    <property name="java.vm.name" value="OpenJDK 64-Bit Server VM"/>
    <property name="java.vendor.version" value="Homebrew"/>
    <property name="localRepository" value="/Users/marcosribeirohioka/.m2/repository"/>
    <property name="java.vendor.url.bug" value="https://github.com/Homebrew/homebrew-core/issues"/>
    <property name="java.io.tmpdir" value="/var/folders/9f/ykjz2cb9105671tj9pjvfv180000gn/T/"/>
    <property name="java.version" value="20.0.1"/>
    <property name="user.dir" value="/Users/marcosribeirohioka/Projects/jsonplaceholder"/>
    <property name="os.arch" value="x86_64"/>
    <property name="java.vm.specification.name" value="Java Virtual Machine Specification"/>
    <property name="native.encoding" value="UTF-8"/>
    <property name="java.library.path" value="/Users/marcosribeirohioka/Library/Java/Extensions:/Library/Java/Extensions:/Network/Library/Java/Extensions:/System/Library/Java/Extensions:/usr/lib/java:."/>
    <property name="java.vm.info" value="mixed mode, sharing"/>
    <property name="stderr.encoding" value="UTF-8"/>
    <property name="java.vendor" value="Homebrew"/>
    <property name="java.vm.version" value="20.0.1"/>
    <property name="sun.io.unicode.encoding" value="UnicodeBig"/>
    <property name="socksNonProxyHosts" value="local|*.local|169.254/16|*.169.254/16"/>
    <property name="java.class.version" value="64.0"/>
  </properties>
  <testcase name="Delete a resource #1" classname="Delete" time="1.547"/>
  <testcase name="Delete a resource #2" classname="Delete" time="0.459"/>
  <testcase name="Delete a resource #3" classname="Delete" time="0.453"/>
  <testcase name="Delete a resource #4" classname="Delete" time="0.478"/>
  <testcase name="Delete a resource #5" classname="Delete" time="0.46"/>
  <testcase name="Retrieve resource #1" classname="Get" time="0.973"/>
  <testcase name="Retrieve resource #2" classname="Get" time="0.92"/>
  <testcase name="Retrieve resource #3" classname="Get" time="1.054"/>
  <testcase name="Retrieve resource #4" classname="Get" time="0.913"/>
  <testcase name="Retrieve resource #5" classname="Get" time="0.914"/>
  <testcase name="Modify a resource partially #1" classname="Patch" time="1.615"/>
  <testcase name="Modify a resource partially #2" classname="Patch" time="1.407"/>
  <testcase name="Modify a resource partially #3" classname="Patch" time="1.352"/>
  <testcase name="Modify a resource partially #4" classname="Patch" time="1.404"/>
  <testcase name="Modify a resource partially #5" classname="Patch" time="1.398"/>
  <testcase name="Create new resource #1" classname="Post" time="0.533"/>
  <testcase name="Create new resource #2" classname="Post" time="0.518"/>
  <testcase name="Create new resource #3" classname="Post" time="0.532"/>
  <testcase name="Create new resource #4" classname="Post" time="0.521"/>
  <testcase name="Create new resource #5" classname="Post" time="0.491"/>
  <testcase name="Update an existing resource #1" classname="Put" time="0.497"/>
  <testcase name="Update an existing resource #2" classname="Put" time="0.509"/>
  <testcase name="Update an existing resource #3" classname="Put" time="0.512"/>
  <testcase name="Update an existing resource #4" classname="Put" time="0.515"/>
  <testcase name="Update an existing resource #5" classname="Put" time="0.492"/>
</testsuite>